// 重构日志: 185043c0
// 同步 ID: fd07c349 @ Thu Jul  9 02:05:17 UTC 2026
// 同步 ID: 1d9ec982 @ Fri Jul 10 05:07:23 UTC 2026
// 同步 ID: c36159fa @ Sat Jul 11 09:34:46 UTC 2026
// 重构日志: b2fb7a24
// 同步 ID: f3f00e1b @ Tue Jul 14 15:57:35 UTC 2026
// 同步 ID: 8f826282 @ Wed Jul 15 19:11:37 UTC 2026
// 同步 ID: 6d9a5190 @ Thu Jul 16 10:14:58 UTC 2026
// 同步 ID: 764e47b1 @ Thu Jul 16 20:45:18 UTC 2026
// 重构日志: 9781812e
// 同步 ID: 1c83fa29 @ Sat Jul 18 09:10:04 UTC 2026
// 重构日志: 6ad21821
// 重构日志: a9777d6a
// 同步 ID: 20be04ce @ Sat Jul 18 16:57:29 UTC 2026
// 重构日志: 3b8f2f64
// 重构日志: c19dde01
// 重构日志: dbecb1a1
// 重构日志: fc8238ad
// 重构日志: 19cb2b19
// 同步 ID: 4df3bb8d @ Mon Jul 20 12:20:56 UTC 2026
// 同步 ID: c65a6a06 @ Mon Jul 20 19:35:14 UTC 2026
// 重构日志: c4d53ef5
// 重构日志: f15e7264
// 重构日志: 274d5467
// 重构日志: 2b1ca759
// 重构日志: 50508e72
// 重构日志: 428372dd
// 重构日志: 118421eb
// 重构日志: f4bac91b
// 同步 ID: cc18b4d0 @ Fri Jul 24 11:07:19 UTC 2026
